Jul 4, 2012 8:11:52 PM org.apache.catalina.core.ApplicationContext log
INFO: HTMLManager: init: Associated with Deployer 'Catalina:type=Deployer,host=localhost'
Jul 4, 2012 8:11:52 PM org.apache.catalina.core.ApplicationContext log
INFO: HTMLManager: init: Global resources are available
Jul 4, 2012 8:11:52 PM org.apache.catalina.core.ApplicationContext log
INFO: HTMLManager: list: Listing contexts for virtual host 'localhost'
Jul 4, 2012 8:12:03 PM org.apache.catalina.core.ApplicationContext log
INFO: HTMLManager: list: Listing contexts for virtual host 'localhost'
Jul 4, 2012 8:35:40 PM org.apache.catalina.core.ApplicationContext log
INFO: HTMLManager: deploy: Deploying web application '/placement'
Jul 4, 2012 8:35:40 PM org.apache.catalina.core.ApplicationContext log
INFO: HTMLManager: Uploading WAR file to /Users/ShirishP/Projects/Placement/devtools/apache-tomcat-7.0.28/webapps/placement.war
Jul 4, 2012 8:36:33 PM org.apache.catalina.core.ApplicationContext log
INFO: HTMLManager: deploy: Deploying web application '/placement'
Jul 4, 2012 8:41:02 PM org.apache.catalina.core.ApplicationContext log
INFO: HTMLManager: deploy: Deploying web application '/placement'
Jul 4, 2012 8:41:02 PM org.apache.catalina.core.ApplicationContext log
INFO: HTMLManager: undeploy: Undeploying web application at '/placement'
Jul 4, 2012 8:41:04 PM org.apache.catalina.core.ApplicationContext log
INFO: HTMLManager: Uploading WAR file to /Users/ShirishP/Projects/Placement/devtools/apache-tomcat-7.0.28/webapps/placement.war
